<?xml version="1.0" encoding="UTF-8"?>
<!-- Generated by org.testng.reporters.JUnitReportReporter -->
<testsuite hostname="LAPTOP-3A2B2CLM" failures="0" tests="2" name="smokeTests.HESCellularMonitoring" time="20.877" errors="0" timestamp="2022-07-10T11:50:11 IST" skipped="0">
  <testcase classname="smokeTests.HESCellularMonitoring" name="hesCheck" time="8.834"/>
  <system-out/>
  <testcase classname="smokeTests.HESCellularMonitoring" name="hesCheck" time="12.043"/>
  <system-out/>
</testsuite> <!-- smokeTests.HESCellularMonitoring -->
