<?xml version="1.0" encoding="UTF-8"?>
<!-- Generated by org.testng.reporters.JUnitReportReporter -->
<testsuite hostname="LAPTOP-3A2B2CLM" failures="0" tests="1" name="smokeTests.HESDeviceInventory" time="3.353" errors="0" timestamp="2022-07-10T11:50:11 IST" skipped="0">
  <testcase classname="smokeTests.HESDeviceInventory" name="getDevice" time="3.353"/>
  <system-out/>
</testsuite> <!-- smokeTests.HESDeviceInventory -->
