<?xml version="1.0" encoding="UTF-8"?>
<!-- Generated by org.testng.reporters.JUnitReportReporter -->
<testsuite hostname="LAPTOP-3A2B2CLM" failures="0" tests="5" name="Test.Basic2" time="0.036" errors="0" timestamp="2022-08-09T07:42:52 IST" skipped="0">
  <testcase classname="Test.Basic2" name="perform" time="0.002"/>
  <system-out>
    <![CDATA[<a href="D:\Selenium Training\Screenshots\screenshot.png" target="_blank">Screenshot link</a>]]>
  </system-out>
  <testcase classname="Test.Basic2" name="perform" time="0.012"/>
  <system-out>
    <![CDATA[<a href="D:\Selenium Training\Screenshots\screenshot.png" target="_blank">Screenshot link</a>]]>
  </system-out>
  <testcase classname="Test.Basic2" name="carLoan" time="0.009"/>
  <system-out>
    <![CDATA[<a href="D:\Selenium Training\Screenshots\screenshot.png" target="_blank">Screenshot link</a>]]>
  </system-out>
  <testcase classname="Test.Basic2" name="perform" time="0.003"/>
  <system-out>
    <![CDATA[<a href="D:\Selenium Training\Screenshots\screenshot.png" target="_blank">Screenshot link</a>]]>
  </system-out>
  <testcase classname="Test.Basic2" name="bikeLoan" time="0.010"/>
  <system-out>
    <![CDATA[<a href="D:\Selenium Training\Screenshots\screenshot.png" target="_blank">Screenshot link</a>]]>
  </system-out>
</testsuite> <!-- Test.Basic2 -->
